Performing C SOURCE FILE Test CMAKE_HAVE_LIBC_PTHREAD failed with the following output:
Change Dir: /home/cooper/FYP_Logic_Cpp/build/CMakeFiles/CMakeTmp

Run Build Command(s):/usr/bin/make cmTC_94eb9/fast && /usr/bin/make -f CMakeFiles/cmTC_94eb9.dir/build.make CMakeFiles/cmTC_94eb9.dir/build
make[1]: Entering directory '/home/cooper/FYP_Logic_Cpp/build/CMakeFiles/CMakeTmp'
Building C object CMakeFiles/cmTC_94eb9.dir/src.c.o
/usr/bin/cc   -fPIC -DCMAKE_HAVE_LIBC_PTHREAD   -o CMakeFiles/cmTC_94eb9.dir/src.c.o   -c /home/cooper/FYP_Logic_Cpp/build/CMakeFiles/CMakeTmp/src.c
Linking C executable cmTC_94eb9
/usr/local/bin/cmake -E cmake_link_script CMakeFiles/cmTC_94eb9.dir/link.txt --verbose=1
/usr/bin/cc -fPIC -DCMAKE_HAVE_LIBC_PTHREAD    -rdynamic CMakeFiles/cmTC_94eb9.dir/src.c.o  -o cmTC_94eb9 
CMakeFiles/cmTC_94eb9.dir/src.c.o: In function `main':
src.c:(.text+0x48): undefined reference to `pthread_create'
src.c:(.text+0x50): undefined reference to `pthread_detach'
src.c:(.text+0x5c): undefined reference to `pthread_join'
src.c:(.text+0x6c): undefined reference to `pthread_atfork'
collect2: error: ld returned 1 exit status
CMakeFiles/cmTC_94eb9.dir/build.make:86: recipe for target 'cmTC_94eb9' failed
make[1]: *** [cmTC_94eb9] Error 1
make[1]: Leaving directory '/home/cooper/FYP_Logic_Cpp/build/CMakeFiles/CMakeTmp'
Makefile:121: recipe for target 'cmTC_94eb9/fast' failed
make: *** [cmTC_94eb9/fast] Error 2


Source file was:
#include <pthread.h>

void* test_func(void* data)
{
  return data;
}

int main(void)
{
  pthread_t thread;
  pthread_create(&thread, NULL, test_func, NULL);
  pthread_detach(thread);
  pthread_join(thread, NULL);
  pthread_atfork(NULL, NULL, NULL);
  pthread_exit(NULL);

  return 0;
}

Determining if the function pthread_create exists in the pthreads failed with the following output:
Change Dir: /home/cooper/FYP_Logic_Cpp/build/CMakeFiles/CMakeTmp

Run Build Command(s):/usr/bin/make cmTC_e0403/fast && /usr/bin/make -f CMakeFiles/cmTC_e0403.dir/build.make CMakeFiles/cmTC_e0403.dir/build
make[1]: Entering directory '/home/cooper/FYP_Logic_Cpp/build/CMakeFiles/CMakeTmp'
Building C object CMakeFiles/cmTC_e0403.dir/CheckFunctionExists.c.o
/usr/bin/cc   -fPIC -DCHECK_FUNCTION_EXISTS=pthread_create   -o CMakeFiles/cmTC_e0403.dir/CheckFunctionExists.c.o   -c /usr/local/share/cmake-3.15/Modules/CheckFunctionExists.c
Linking C executable cmTC_e0403
/usr/local/bin/cmake -E cmake_link_script CMakeFiles/cmTC_e0403.dir/link.txt --verbose=1
/usr/bin/cc -fPIC -DCHECK_FUNCTION_EXISTS=pthread_create    -rdynamic CMakeFiles/cmTC_e0403.dir/CheckFunctionExists.c.o  -o cmTC_e0403 -lpthreads 
/usr/bin/ld: cannot find -lpthreads
collect2: error: ld returned 1 exit status
CMakeFiles/cmTC_e0403.dir/build.make:86: recipe for target 'cmTC_e0403' failed
make[1]: *** [cmTC_e0403] Error 1
make[1]: Leaving directory '/home/cooper/FYP_Logic_Cpp/build/CMakeFiles/CMakeTmp'
Makefile:121: recipe for target 'cmTC_e0403/fast' failed
make: *** [cmTC_e0403/fast] Error 2



